Using pre-set license
Built from '2022.3/release' branch; Version is '2022.3.5f1 (9674261d40ee) revision 9860134'; Using compiler version '192829333'; Build Type 'Release'
OS: 'Windows 10  (10.0.19045) 64bit Core' Language: 'en' Physical Memory: 32684 MB
BatchMode: 1, IsHumanControllingUs: 0, StartBugReporterOnCrash: 0, Is64bit: 1, IsPro: 1

COMMAND LINE ARGUMENTS:
C:\Program Files\Unity 2022.3.5f1\Editor\Unity.exe
-adb2
-batchMode
-noUpm
-name
AssetImportWorker0
-projectPath
D:/GithubRepos/UnityCharacter/UnityCharacter
-logFile
Logs/AssetImportWorker0.log
-srvPort
56440
Successfully changed project path to: D:/GithubRepos/UnityCharacter/UnityCharacter
D:/GithubRepos/UnityCharacter/UnityCharacter
[UnityMemory] Configuration Parameters - Can be set up in boot.config
    "memorysetup-bucket-allocator-granularity=16"
    "memorysetup-bucket-allocator-bucket-count=8"
    "memorysetup-bucket-allocator-block-size=33554432"
    "memorysetup-bucket-allocator-block-count=8"
    "memorysetup-main-allocator-block-size=16777216"
    "memorysetup-thread-allocator-block-size=16777216"
    "memorysetup-gfx-main-allocator-block-size=16777216"
    "memorysetup-gfx-thread-allocator-block-size=16777216"
    "memorysetup-cache-allocator-block-size=4194304"
    "memorysetup-typetree-allocator-block-size=2097152"
    "memorysetup-profiler-bucket-allocator-granularity=16"
    "memorysetup-profiler-bucket-allocator-bucket-count=8"
    "memorysetup-profiler-bucket-allocator-block-size=33554432"
    "memorysetup-profiler-bucket-allocator-block-count=8"
    "memorysetup-profiler-allocator-block-size=16777216"
    "memorysetup-profiler-editor-allocator-block-size=1048576"
    "memorysetup-temp-allocator-size-main=16777216"
    "memorysetup-job-temp-allocator-block-size=2097152"
    "memorysetup-job-temp-allocator-block-size-background=1048576"
    "memorysetup-job-temp-allocator-reduction-small-platforms=262144"
    "memorysetup-allocator-temp-initial-block-size-main=262144"
    "memorysetup-allocator-temp-initial-block-size-worker=262144"
    "memorysetup-temp-allocator-size-background-worker=32768"
    "memorysetup-temp-allocator-size-job-worker=262144"
    "memorysetup-temp-allocator-size-preload-manager=33554432"
    "memorysetup-temp-allocator-size-nav-mesh-worker=65536"
    "memorysetup-temp-allocator-size-audio-worker=65536"
    "memorysetup-temp-allocator-size-cloud-worker=32768"
    "memorysetup-temp-allocator-size-gi-baking-worker=262144"
    "memorysetup-temp-allocator-size-gfx=262144"
Player connection [12684] Host "[IP] 192.168.1.215 [Port] 0 [Flags] 2 [Guid] 1265694846 [EditorId] 1265694846 [Version] 1048832 [Id] WindowsEditor(7,PropollyGDS) [Debug] 1 [PackageName] WindowsEditor [ProjectName] Editor" joined multi-casting on [225.0.0.222:54997]...

Player connection [12684] Host "[IP] 192.168.1.215 [Port] 0 [Flags] 2 [Guid] 1265694846 [EditorId] 1265694846 [Version] 1048832 [Id] WindowsEditor(7,PropollyGDS) [Debug] 1 [PackageName] WindowsEditor [ProjectName] Editor" joined alternative multi-casting on [225.0.0.222:34997]...

Refreshing native plugins compatible for Editor in 3.30 ms, found 0 plugins.
Preloading 0 native plugins for Editor in 0.00 ms.
Initialize engine version: 2022.3.5f1 (9674261d40ee)
[Subsystems] Discovering subsystems at path C:/Program Files/Unity 2022.3.5f1/Editor/Data/Resources/UnitySubsystems
[Subsystems] Discovering subsystems at path D:/GithubRepos/UnityCharacter/UnityCharacter/Assets
GfxDevice: creating device client; threaded=0; jobified=0
Direct3D:
    Version:  Direct3D 11.0 [level 11.1]
    Renderer: NVIDIA GeForce RTX 2080 SUPER (ID=0x1e81)
    Vendor:   NVIDIA
    VRAM:     8002 MB
    Driver:   31.0.15.4584
Initialize mono
Mono path[0] = 'C:/Program Files/Unity 2022.3.5f1/Editor/Data/Managed'
Mono path[1] = 'C:/Program Files/Unity 2022.3.5f1/Editor/Data/MonoBleedingEdge/lib/mono/unityjit-win32'
Mono config path = 'C:/Program Files/Unity 2022.3.5f1/Editor/Data/MonoBleedingEdge/etc'
Using monoOptions --debugger-agent=transport=dt_socket,embedding=1,server=y,suspend=n,address=127.0.0.1:56056
Begin MonoManager ReloadAssembly
Registering precompiled unity dll's ...
Register platform support module: C:/Program Files/Unity 2022.3.5f1/Editor/Data/PlaybackEngines/WindowsStandaloneSupport/UnityEditor.WindowsStandalone.Extensions.dll
Registered in 0.007311 seconds.
- Loaded All Assemblies, in  0.324 seconds
Native extension for WindowsStandalone target not found
Mono: successfully reloaded assembly
- Finished resetting the current domain, in  0.248 seconds
Domain Reload Profiling: 571ms
	BeginReloadAssembly (89ms)
		ExecutionOrderSort (0ms)
		DisableScriptedObjects (0ms)
		BackupInstance (0ms)
		ReleaseScriptingObjects (0ms)
		CreateAndSetChildDomain (1ms)
	RebuildCommonClasses (31ms)
	RebuildNativeTypeToScriptingClass (10ms)
	initialDomainReloadingComplete (58ms)
	LoadAllAssembliesAndSetupDomain (134ms)
		LoadAssemblies (87ms)
		RebuildTransferFunctionScriptingTraits (0ms)
		AnalyzeDomain (128ms)
			TypeCache.Refresh (127ms)
				TypeCache.ScanAssembly (114ms)
			ScanForSourceGeneratedMonoScriptInfo (0ms)
			ResolveRequiredComponents (0ms)
	FinalizeReload (249ms)
		ReleaseScriptCaches (0ms)
		RebuildScriptCaches (0ms)
		SetupLoadedEditorAssemblies (191ms)
			LogAssemblyErrors (0ms)
			InitializePlatformSupportModulesInManaged (10ms)
			SetLoadedEditorAssemblies (7ms)
			RefreshPlugins (0ms)
			BeforeProcessingInitializeOnLoad (2ms)
			ProcessInitializeOnLoadAttributes (126ms)
			ProcessInitializeOnLoadMethodAttributes (45ms)
			AfterProcessingInitializeOnLoad (0ms)
			EditorAssembliesLoaded (0ms)
		ExecutionOrderSort2 (0ms)
		AwakeInstancesAfterBackupRestoration (0ms)
========================================================================
Worker process is ready to serve import requests
Begin MonoManager ReloadAssembly
- Loaded All Assemblies, in  0.582 seconds
Refreshing native plugins compatible for Editor in 1.15 ms, found 0 plugins.
Native extension for WindowsStandalone target not found
Mono: successfully reloaded assembly
- Finished resetting the current domain, in  0.517 seconds
Domain Reload Profiling: 1097ms
	BeginReloadAssembly (125ms)
		ExecutionOrderSort (0ms)
		DisableScriptedObjects (5ms)
		BackupInstance (0ms)
		ReleaseScriptingObjects (0ms)
		CreateAndSetChildDomain (22ms)
	RebuildCommonClasses (32ms)
	RebuildNativeTypeToScriptingClass (10ms)
	initialDomainReloadingComplete (41ms)
	LoadAllAssembliesAndSetupDomain (372ms)
		LoadAssemblies (220ms)
		RebuildTransferFunctionScriptingTraits (0ms)
		AnalyzeDomain (211ms)
			TypeCache.Refresh (189ms)
				TypeCache.ScanAssembly (178ms)
			ScanForSourceGeneratedMonoScriptInfo (14ms)
			ResolveRequiredComponents (9ms)
	FinalizeReload (517ms)
		ReleaseScriptCaches (0ms)
		RebuildScriptCaches (0ms)
		SetupLoadedEditorAssemblies (375ms)
			LogAssemblyErrors (0ms)
			InitializePlatformSupportModulesInManaged (6ms)
			SetLoadedEditorAssemblies (3ms)
			RefreshPlugins (0ms)
			BeforeProcessingInitializeOnLoad (77ms)
			ProcessInitializeOnLoadAttributes (212ms)
			ProcessInitializeOnLoadMethodAttributes (67ms)
			AfterProcessingInitializeOnLoad (9ms)
			EditorAssembliesLoaded (0ms)
		ExecutionOrderSort2 (0ms)
		AwakeInstancesAfterBackupRestoration (5ms)
Launched and connected shader compiler UnityShaderCompiler.exe after 0.08 seconds
Refreshing native plugins compatible for Editor in 1.19 ms, found 0 plugins.
Preloading 0 native plugins for Editor in 0.00 ms.
Unloading 3513 Unused Serialized files (Serialized files now loaded: 0)
Unloading 66 unused Assets / (415.0 KB). Loaded Objects now: 3984.
Memory consumption went from 168.4 MB to 168.0 MB.
Total: 2.992400 ms (FindLiveObjects: 0.267700 ms CreateObjectMapping: 0.231800 ms MarkObjects: 2.314200 ms  DeleteObjects: 0.177900 ms)

AssetImportParameters requested are different than current active one (requested -> active):
  custom:container-demuxer-ogg: 62fdf1f143b41e24485cea50d1cbac27 -> 
  custom:video-codec-MediaFoundation-h265: e54d7ab0439102e2317fc1e4b246158d -> 
  custom:video-decoder-ogg-theora: a1e56fd34408186e4bbccfd4996cb3dc -> 
  custom:framework-win-MediaFoundation: 216162199b28c13a410421893ffa2e32 -> 
  custom:CustomObjectIndexerAttribute: a3ef5dd2817f97addfee359851a9dba5 -> 
  custom:container-demuxer-webm: 4f35f7cbe854078d1ac9338744f61a02 -> 
  custom:container-muxer-webm: aa71ff27fc2769a1b78a27578f13a17b -> 
  custom:video-decoder-webm-vp8: 9c59270c3fd7afecdb556c50c9e8de78 -> 
  custom:AudioImporter_EditorPlatform: d09bf68614088b80899f8185d706f6e7 -> 
  custom:video-encoder-webm-vp8: eb34c28f22e8b96e1ab97ce403110664 -> 
  custom:audio-decoder-ogg-vorbis: bf7c407c2cedff20999df2af8eb42d56 -> 
  custom:audio-encoder-webm-vorbis: bf7c407c2cedff20999df2af8eb42d56 -> 
========================================================================
Received Import Request.
  Time since last request: 106175.294835 seconds.
  path: Assets/Graphics
  artifactKey: Guid(f9b345187a268934489b16f16f1d4290) Importer(815301076,1909f56bfc062723c751e8b465ee728b)
Start importing Assets/Graphics using Guid(f9b345187a268934489b16f16f1d4290) Importer(815301076,1909f56bfc062723c751e8b465ee728b)  -> (artifact id: '19ebc35e0c06c25d834ace8e8c68858c') in 0.002295 seconds
Number of updated asset objects reloaded before import = 0
Number of asset objects unloaded after import = 0
========================================================================
Received Import Request.
  Time since last request: 3.598994 seconds.
  path: Assets/Graphics/Models
  artifactKey: Guid(117080e1b4a3f5c4a91de85eb7e3febe) Importer(815301076,1909f56bfc062723c751e8b465ee728b)
Start importing Assets/Graphics/Models using Guid(117080e1b4a3f5c4a91de85eb7e3febe) Importer(815301076,1909f56bfc062723c751e8b465ee728b)  -> (artifact id: '77bdcee3fd865b5f6ca11d040913fe79') in 0.000398 seconds
Number of updated asset objects reloaded before import = 0
Number of asset objects unloaded after import = 0
========================================================================
Received Import Request.
  Time since last request: 7.106972 seconds.
  path: Assets/Graphics/Models/Characters
  artifactKey: Guid(9ae96c942c1155b418d7982e7adc2ef2) Importer(815301076,1909f56bfc062723c751e8b465ee728b)
Start importing Assets/Graphics/Models/Characters using Guid(9ae96c942c1155b418d7982e7adc2ef2) Importer(815301076,1909f56bfc062723c751e8b465ee728b)  -> (artifact id: '4eb7a45b16c3ca326205675587725847') in 0.000425 seconds
Number of updated asset objects reloaded before import = 0
Number of asset objects unloaded after import = 0
========================================================================
Received Import Request.
  Time since last request: 336.993533 seconds.
  path: Assets/Graphics/Models/Characters/Paladin WProp J Nordstrom.fbx
  artifactKey: Guid(b82bde66785a97b47aa6896666f5aa00) Importer(815301076,1909f56bfc062723c751e8b465ee728b)
Start importing Assets/Graphics/Models/Characters/Paladin WProp J Nordstrom.fbx using Guid(b82bde66785a97b47aa6896666f5aa00) Importer(815301076,1909f56bfc062723c751e8b465ee728b)  -> (artifact id: '12380ee89814d5df46d451caf42ab8c6') in 0.006198 seconds
Number of updated asset objects reloaded before import = 0
Number of asset objects unloaded after import = 159
========================================================================
Received Import Request.
  Time since last request: 19.197510 seconds.
  path: Assets/Graphics/Models/Characters/Paladin.fbx
  artifactKey: Guid(b82bde66785a97b47aa6896666f5aa00) Importer(815301076,1909f56bfc062723c751e8b465ee728b)
Start importing Assets/Graphics/Models/Characters/Paladin.fbx using Guid(b82bde66785a97b47aa6896666f5aa00) Importer(815301076,1909f56bfc062723c751e8b465ee728b)  -> (artifact id: 'c0a68f11b989ec37aabfa67300a76599') in 0.005070 seconds
Number of updated asset objects reloaded before import = 0
Number of asset objects unloaded after import = 159
========================================================================
Received Import Request.
  Time since last request: 107.161656 seconds.
  path: Assets/Graphics/Models/Characters/Paladin.fbx
  artifactKey: Guid(b82bde66785a97b47aa6896666f5aa00) Importer(815301076,1909f56bfc062723c751e8b465ee728b)
Start importing Assets/Graphics/Models/Characters/Paladin.fbx using Guid(b82bde66785a97b47aa6896666f5aa00) Importer(815301076,1909f56bfc062723c751e8b465ee728b)  -> (artifact id: '361c641aa76fa9a24ad4fdede45c2cfb') in 0.004124 seconds
Number of updated asset objects reloaded before import = 0
Number of asset objects unloaded after import = 158
========================================================================
Received Import Request.
  Time since last request: 36.795085 seconds.
  path: Assets/Graphics/Models/Characters/Paladin.fbm
  artifactKey: Guid(29381bf8d24a6ad429d927a46714356b) Importer(815301076,1909f56bfc062723c751e8b465ee728b)
Start importing Assets/Graphics/Models/Characters/Paladin.fbm using Guid(29381bf8d24a6ad429d927a46714356b) Importer(815301076,1909f56bfc062723c751e8b465ee728b)  -> (artifact id: 'd8f7101d490f2cda1c9502cd94485f2b') in 0.000615 seconds
Number of updated asset objects reloaded before import = 0
Number of asset objects unloaded after import = 0
========================================================================
Received Import Request.
  Time since last request: 1.196006 seconds.
  path: Assets/Graphics/Models/Characters/Paladin.fbm/Paladin_diffuse.png
  artifactKey: Guid(5d5f171baf729314abcdf258b43f11d4) Importer(815301076,1909f56bfc062723c751e8b465ee728b)
Start importing Assets/Graphics/Models/Characters/Paladin.fbm/Paladin_diffuse.png using Guid(5d5f171baf729314abcdf258b43f11d4) Importer(815301076,1909f56bfc062723c751e8b465ee728b)  -> (artifact id: '47a9daf309056439cb847e765437cd08') in 0.006069 seconds
Number of updated asset objects reloaded before import = 0
Number of asset objects unloaded after import = 1
========================================================================
Received Import Request.
  Time since last request: 0.000018 seconds.
  path: Assets/Graphics/Models/Characters/Paladin.fbm/Paladin_specular.png
  artifactKey: Guid(52cf704a2adcdeb418e127e3e83fa402) Importer(815301076,1909f56bfc062723c751e8b465ee728b)
Start importing Assets/Graphics/Models/Characters/Paladin.fbm/Paladin_specular.png using Guid(52cf704a2adcdeb418e127e3e83fa402) Importer(815301076,1909f56bfc062723c751e8b465ee728b)  -> (artifact id: 'a7c666f18f3f6fe9a354d6d8965d5167') in 0.024442 seconds
Number of updated asset objects reloaded before import = 0
Number of asset objects unloaded after import = 1
========================================================================
Received Import Request.
  Time since last request: 1.922825 seconds.
  path: Assets/Graphics/Models/Characters/Materials/Paladin_diffuse.mat
  artifactKey: Guid(cefe99320e86e214d931c36f9d161198) Importer(815301076,1909f56bfc062723c751e8b465ee728b)
Start importing Assets/Graphics/Models/Characters/Materials/Paladin_diffuse.mat using Guid(cefe99320e86e214d931c36f9d161198) Importer(815301076,1909f56bfc062723c751e8b465ee728b)  -> (artifact id: 'd32b54dd9ab18b9afaf5c62d77f53ea3') in 0.001103 seconds
Number of updated asset objects reloaded before import = 0
Number of asset objects unloaded after import = 1
========================================================================
Received Import Request.
  Time since last request: 66.127000 seconds.
  path: Assets/Prefabs
  artifactKey: Guid(6978ca5eba4f6374e8492c9753719fde) Importer(815301076,1909f56bfc062723c751e8b465ee728b)
Start importing Assets/Prefabs using Guid(6978ca5eba4f6374e8492c9753719fde) Importer(815301076,1909f56bfc062723c751e8b465ee728b)  -> (artifact id: '86690f83917e00c0097f5b8f59b92878') in 0.000449 seconds
Number of updated asset objects reloaded before import = 0
Number of asset objects unloaded after import = 0
========================================================================
Received Import Request.
  Time since last request: 9.314622 seconds.
  path: Assets/Prefabs/Player.prefab
  artifactKey: Guid(1f287cf3608209f4eb57d1937d74f665) Importer(815301076,1909f56bfc062723c751e8b465ee728b)
Start importing Assets/Prefabs/Player.prefab using Guid(1f287cf3608209f4eb57d1937d74f665) Importer(815301076,1909f56bfc062723c751e8b465ee728b)  -> (artifact id: 'e759600f9c8ce99fcfe97512ff49d23d') in 0.002691 seconds
Number of updated asset objects reloaded before import = 0
Number of asset objects unloaded after import = 157
========================================================================
Received Import Request.
  Time since last request: 88.705397 seconds.
  path: Assets/Prefabs/Player.prefab
  artifactKey: Guid(1f287cf3608209f4eb57d1937d74f665) Importer(815301076,1909f56bfc062723c751e8b465ee728b)
Start importing Assets/Prefabs/Player.prefab using Guid(1f287cf3608209f4eb57d1937d74f665) Importer(815301076,1909f56bfc062723c751e8b465ee728b)  -> (artifact id: '77b1118b96f710968d1eee4241570438') in 0.003591 seconds
Number of updated asset objects reloaded before import = 0
Number of asset objects unloaded after import = 159
========================================================================
Received Prepare
Begin MonoManager ReloadAssembly
- Loaded All Assemblies, in  0.536 seconds
Refreshing native plugins compatible for Editor in 1.16 ms, found 0 plugins.
Native extension for WindowsStandalone target not found
Mono: successfully reloaded assembly
- Finished resetting the current domain, in  0.789 seconds
Domain Reload Profiling: 1323ms
	BeginReloadAssembly (129ms)
		ExecutionOrderSort (0ms)
		DisableScriptedObjects (4ms)
		BackupInstance (0ms)
		ReleaseScriptingObjects (0ms)
		CreateAndSetChildDomain (32ms)
	RebuildCommonClasses (30ms)
	RebuildNativeTypeToScriptingClass (10ms)
	initialDomainReloadingComplete (29ms)
	LoadAllAssembliesAndSetupDomain (334ms)
		LoadAssemblies (197ms)
		RebuildTransferFunctionScriptingTraits (0ms)
		AnalyzeDomain (195ms)
			TypeCache.Refresh (187ms)
				TypeCache.ScanAssembly (176ms)
			ScanForSourceGeneratedMonoScriptInfo (0ms)
			ResolveRequiredComponents (8ms)
	FinalizeReload (790ms)
		ReleaseScriptCaches (0ms)
		RebuildScriptCaches (0ms)
		SetupLoadedEditorAssemblies (383ms)
			LogAssemblyErrors (0ms)
			InitializePlatformSupportModulesInManaged (6ms)
			SetLoadedEditorAssemblies (3ms)
			RefreshPlugins (0ms)
			BeforeProcessingInitializeOnLoad (80ms)
			ProcessInitializeOnLoadAttributes (222ms)
			ProcessInitializeOnLoadMethodAttributes (63ms)
			AfterProcessingInitializeOnLoad (8ms)
			EditorAssembliesLoaded (0ms)
		ExecutionOrderSort2 (0ms)
		AwakeInstancesAfterBackupRestoration (18ms)
Refreshing native plugins compatible for Editor in 1.27 ms, found 0 plugins.
Preloading 0 native plugins for Editor in 0.00 ms.
Unloading 3360 Unused Serialized files (Serialized files now loaded: 0)
Unloading 26 unused Assets / (383.7 KB). Loaded Objects now: 4001.
Memory consumption went from 141.8 MB to 141.5 MB.
Total: 3.436400 ms (FindLiveObjects: 0.308300 ms CreateObjectMapping: 0.289900 ms MarkObjects: 2.720900 ms  DeleteObjects: 0.116300 ms)

Prepare: number of updated asset objects reloaded= 0
AssetImportParameters requested are different than current active one (requested -> active):
  custom:container-demuxer-ogg: 62fdf1f143b41e24485cea50d1cbac27 -> 
  custom:video-codec-MediaFoundation-h265: e54d7ab0439102e2317fc1e4b246158d -> 
  custom:video-decoder-ogg-theora: a1e56fd34408186e4bbccfd4996cb3dc -> 
  custom:framework-win-MediaFoundation: 216162199b28c13a410421893ffa2e32 -> 
  custom:CustomObjectIndexerAttribute: a3ef5dd2817f97addfee359851a9dba5 -> 
  custom:container-demuxer-webm: 4f35f7cbe854078d1ac9338744f61a02 -> 
  custom:container-muxer-webm: aa71ff27fc2769a1b78a27578f13a17b -> 
  custom:video-decoder-webm-vp8: 9c59270c3fd7afecdb556c50c9e8de78 -> 
  custom:AudioImporter_EditorPlatform: d09bf68614088b80899f8185d706f6e7 -> 
  custom:video-encoder-webm-vp8: eb34c28f22e8b96e1ab97ce403110664 -> 
  custom:audio-decoder-ogg-vorbis: bf7c407c2cedff20999df2af8eb42d56 -> 
  custom:audio-encoder-webm-vorbis: bf7c407c2cedff20999df2af8eb42d56 -> 
========================================================================
Received Import Request.
  Time since last request: 2901.113621 seconds.
  path: Assets/Animations
  artifactKey: Guid(e331344ab7b6dd346b24aa02d8fb346e) Importer(815301076,1909f56bfc062723c751e8b465ee728b)
Start importing Assets/Animations using Guid(e331344ab7b6dd346b24aa02d8fb346e) Importer(815301076,1909f56bfc062723c751e8b465ee728b)  -> (artifact id: '62134f33be463949997ef37a4d4c9455') in 0.006511 seconds
Number of updated asset objects reloaded before import = 0
Number of asset objects unloaded after import = 0
========================================================================
Received Import Request.
  Time since last request: 8.489435 seconds.
  path: Assets/Animations/Humanoid
  artifactKey: Guid(6170ef7e9c0835b4cbbc7a5240c4d82b) Importer(815301076,1909f56bfc062723c751e8b465ee728b)
Start importing Assets/Animations/Humanoid using Guid(6170ef7e9c0835b4cbbc7a5240c4d82b) Importer(815301076,1909f56bfc062723c751e8b465ee728b)  -> (artifact id: '15eede03364d6d9180872ef7fb17bba7') in 0.000410 seconds
Number of updated asset objects reloaded before import = 0
Number of asset objects unloaded after import = 0
========================================================================
Received Import Request.
  Time since last request: 6.319497 seconds.
  path: Assets/Animations/Human
  artifactKey: Guid(6170ef7e9c0835b4cbbc7a5240c4d82b) Importer(815301076,1909f56bfc062723c751e8b465ee728b)
Start importing Assets/Animations/Human using Guid(6170ef7e9c0835b4cbbc7a5240c4d82b) Importer(815301076,1909f56bfc062723c751e8b465ee728b)  -> (artifact id: '8c7a95053d0063cbc47bebd2dad02604') in 0.000409 seconds
Number of updated asset objects reloaded before import = 0
Number of asset objects unloaded after import = 0
========================================================================
Received Import Request.
  Time since last request: 44.215366 seconds.
  path: Assets/Animations/Human/idle.fbx
  artifactKey: Guid(06ff3a270c400db45b0eb5cc7a456da6) Importer(815301076,1909f56bfc062723c751e8b465ee728b)
Start importing Assets/Animations/Human/idle.fbx using Guid(06ff3a270c400db45b0eb5cc7a456da6) Importer(815301076,1909f56bfc062723c751e8b465ee728b)  -> (artifact id: 'd973c945095c941d814bf5bbc1ea31eb') in 0.003539 seconds
Number of updated asset objects reloaded before import = 0
Number of asset objects unloaded after import = 142
========================================================================
Received Import Request.
  Time since last request: 0.000014 seconds.
  path: Assets/Animations/Human/left strafe walking.fbx
  artifactKey: Guid(b8425a1a21a06a1439894898d0a495bf) Importer(815301076,1909f56bfc062723c751e8b465ee728b)
Start importing Assets/Animations/Human/left strafe walking.fbx using Guid(b8425a1a21a06a1439894898d0a495bf) Importer(815301076,1909f56bfc062723c751e8b465ee728b)  -> (artifact id: '287609513d1a684cd55f8b06c8078d34') in 0.002335 seconds
Number of updated asset objects reloaded before import = 0
Number of asset objects unloaded after import = 142
========================================================================
Received Import Request.
  Time since last request: 0.000016 seconds.
  path: Assets/Animations/Human/right turn.fbx
  artifactKey: Guid(7a7b505dcfd22334885908ef62a55c6e) Importer(815301076,1909f56bfc062723c751e8b465ee728b)
Start importing Assets/Animations/Human/right turn.fbx using Guid(7a7b505dcfd22334885908ef62a55c6e) Importer(815301076,1909f56bfc062723c751e8b465ee728b)  -> (artifact id: 'a6bd75d13edc1e873004db2ba120bf67') in 0.002264 seconds
Number of updated asset objects reloaded before import = 0
Number of asset objects unloaded after import = 142
========================================================================
Received Import Request.
  Time since last request: 0.000015 seconds.
  path: Assets/Animations/Human/left turn.fbx
  artifactKey: Guid(6ad20ce69c8036c4a8dcf7ffbc045217) Importer(815301076,1909f56bfc062723c751e8b465ee728b)
Start importing Assets/Animations/Human/left turn.fbx using Guid(6ad20ce69c8036c4a8dcf7ffbc045217) Importer(815301076,1909f56bfc062723c751e8b465ee728b)  -> (artifact id: '479909ef71186f039a273f8d73e61e10') in 0.002360 seconds
Number of updated asset objects reloaded before import = 0
Number of asset objects unloaded after import = 142
========================================================================
Received Import Request.
  Time since last request: 0.000016 seconds.
  path: Assets/Animations/Human/left strafe.fbx
  artifactKey: Guid(cbc0e4484a13e7b449e0ec4630b5132f) Importer(815301076,1909f56bfc062723c751e8b465ee728b)
Start importing Assets/Animations/Human/left strafe.fbx using Guid(cbc0e4484a13e7b449e0ec4630b5132f) Importer(815301076,1909f56bfc062723c751e8b465ee728b)  -> (artifact id: '5abc235ef7f0323fa94c746e153919bc') in 0.002300 seconds
Number of updated asset objects reloaded before import = 0
Number of asset objects unloaded after import = 142
========================================================================
Received Import Request.
  Time since last request: 0.000021 seconds.
  path: Assets/Animations/Human/walking.fbx
  artifactKey: Guid(23dabaf155d2334409c8814ba62119ca) Importer(815301076,1909f56bfc062723c751e8b465ee728b)
Start importing Assets/Animations/Human/walking.fbx using Guid(23dabaf155d2334409c8814ba62119ca) Importer(815301076,1909f56bfc062723c751e8b465ee728b)  -> (artifact id: '99fe958bb8ff19e84670134cfe19788d') in 0.002084 seconds
Number of updated asset objects reloaded before import = 0
Number of asset objects unloaded after import = 142
========================================================================
Received Import Request.
  Time since last request: 0.000011 seconds.
  path: Assets/Animations/Human/right strafe walking.fbx
  artifactKey: Guid(243ecd6dad753824a972a969925d9f99) Importer(815301076,1909f56bfc062723c751e8b465ee728b)
Start importing Assets/Animations/Human/right strafe walking.fbx using Guid(243ecd6dad753824a972a969925d9f99) Importer(815301076,1909f56bfc062723c751e8b465ee728b)  -> (artifact id: '83fb66999773e27310ef5aca5bbe8756') in 0.002076 seconds
Number of updated asset objects reloaded before import = 0
Number of asset objects unloaded after import = 142
========================================================================
Received Import Request.
  Time since last request: 2822.503998 seconds.
  path: Assets/Animations/Human/mixamo.com.anim
  artifactKey: Guid(881dce6251f2bed4985fad4d82868e52) Importer(815301076,1909f56bfc062723c751e8b465ee728b)
Start importing Assets/Animations/Human/mixamo.com.anim using Guid(881dce6251f2bed4985fad4d82868e52) Importer(815301076,1909f56bfc062723c751e8b465ee728b)  -> (artifact id: '2972a25a2adb4c96f92096da8b76a31e') in 0.003368 seconds
Number of updated asset objects reloaded before import = 0
Number of asset objects unloaded after import = 1
========================================================================
Received Import Request.
  Time since last request: 3.232762 seconds.
  path: Assets/Animations/Human/idle.anim
  artifactKey: Guid(881dce6251f2bed4985fad4d82868e52) Importer(815301076,1909f56bfc062723c751e8b465ee728b)
Start importing Assets/Animations/Human/idle.anim using Guid(881dce6251f2bed4985fad4d82868e52) Importer(815301076,1909f56bfc062723c751e8b465ee728b)  -> (artifact id: '779403d270904c6c3f48ca235ee154d0') in 0.002959 seconds
Number of updated asset objects reloaded before import = 0
Number of asset objects unloaded after import = 1
========================================================================
Received Import Request.
  Time since last request: 4.565964 seconds.
  path: Assets/Animations/Human/mixamo.com.anim
  artifactKey: Guid(4d061bbcca6855141905246f22da07d6) Importer(815301076,1909f56bfc062723c751e8b465ee728b)
Start importing Assets/Animations/Human/mixamo.com.anim using Guid(4d061bbcca6855141905246f22da07d6) Importer(815301076,1909f56bfc062723c751e8b465ee728b)  -> (artifact id: '5a0757fd771216499f8ac0eb22c19108') in 0.008316 seconds
Number of updated asset objects reloaded before import = 0
Number of asset objects unloaded after import = 1
========================================================================
Received Import Request.
  Time since last request: 3.949620 seconds.
  path: Assets/Animations/Human/jump.anim
  artifactKey: Guid(4d061bbcca6855141905246f22da07d6) Importer(815301076,1909f56bfc062723c751e8b465ee728b)
Start importing Assets/Animations/Human/jump.anim using Guid(4d061bbcca6855141905246f22da07d6) Importer(815301076,1909f56bfc062723c751e8b465ee728b)  -> (artifact id: '34c02f3700352c65c9fbd40e8a88e974') in 0.007461 seconds
Number of updated asset objects reloaded before import = 0
Number of asset objects unloaded after import = 1
========================================================================
Received Import Request.
  Time since last request: 4.348960 seconds.
  path: Assets/Animations/Human/mixamo.com.anim
  artifactKey: Guid(b57716cf0614d3c46ab38a2ba2c9eb28) Importer(815301076,1909f56bfc062723c751e8b465ee728b)
Start importing Assets/Animations/Human/mixamo.com.anim using Guid(b57716cf0614d3c46ab38a2ba2c9eb28) Importer(815301076,1909f56bfc062723c751e8b465ee728b)  -> (artifact id: '4764bf61b029d0e42ad99cfaba97a62d') in 0.004870 seconds
Number of updated asset objects reloaded before import = 0
Number of asset objects unloaded after import = 1
========================================================================
Received Import Request.
  Time since last request: 7.635930 seconds.
  path: Assets/Animations/Human/left_strafe.anim
  artifactKey: Guid(b57716cf0614d3c46ab38a2ba2c9eb28) Importer(815301076,1909f56bfc062723c751e8b465ee728b)
Start importing Assets/Animations/Human/left_strafe.anim using Guid(b57716cf0614d3c46ab38a2ba2c9eb28) Importer(815301076,1909f56bfc062723c751e8b465ee728b)  -> (artifact id: '481d96956eddba444c5255e68e953e0a') in 0.005631 seconds
Number of updated asset objects reloaded before import = 0
Number of asset objects unloaded after import = 1
========================================================================
Received Import Request.
  Time since last request: 7.522457 seconds.
  path: Assets/Animations/Human/mixamo.com.anim
  artifactKey: Guid(ee1bb7b2e39cf944fad0513aa76afeee) Importer(815301076,1909f56bfc062723c751e8b465ee728b)
Start importing Assets/Animations/Human/mixamo.com.anim using Guid(ee1bb7b2e39cf944fad0513aa76afeee) Importer(815301076,1909f56bfc062723c751e8b465ee728b)  -> (artifact id: '9785b78b0492272f68547f3fac442b6f') in 0.004772 seconds
Number of updated asset objects reloaded before import = 0
Number of asset objects unloaded after import = 1
========================================================================
Received Import Request.
  Time since last request: 7.039226 seconds.
  path: Assets/Animations/Human/left_strafe_walking.anim
  artifactKey: Guid(ee1bb7b2e39cf944fad0513aa76afeee) Importer(815301076,1909f56bfc062723c751e8b465ee728b)
Start importing Assets/Animations/Human/left_strafe_walking.anim using Guid(ee1bb7b2e39cf944fad0513aa76afeee) Importer(815301076,1909f56bfc062723c751e8b465ee728b)  -> (artifact id: 'a8298cbaf338e30745386b80e1b0f2b1') in 0.004325 seconds
Number of updated asset objects reloaded before import = 0
Number of asset objects unloaded after import = 1
========================================================================
Received Import Request.
  Time since last request: 9.854002 seconds.
  path: Assets/Animations/Human/mixamo.com.anim
  artifactKey: Guid(86c9b370606e88b4dbb0a1c2f5947e1e) Importer(815301076,1909f56bfc062723c751e8b465ee728b)
Start importing Assets/Animations/Human/mixamo.com.anim using Guid(86c9b370606e88b4dbb0a1c2f5947e1e) Importer(815301076,1909f56bfc062723c751e8b465ee728b)  -> (artifact id: '5325828dd984a95929969342a25cadd2') in 0.003871 seconds
Number of updated asset objects reloaded before import = 0
Number of asset objects unloaded after import = 1
========================================================================
Received Import Request.
  Time since last request: 5.010940 seconds.
  path: Assets/Animations/Human/left_turn.anim
  artifactKey: Guid(86c9b370606e88b4dbb0a1c2f5947e1e) Importer(815301076,1909f56bfc062723c751e8b465ee728b)
Start importing Assets/Animations/Human/left_turn.anim using Guid(86c9b370606e88b4dbb0a1c2f5947e1e) Importer(815301076,1909f56bfc062723c751e8b465ee728b)  -> (artifact id: '3e90beca71e1cedfc3d2cc40202fbc22') in 0.003825 seconds
Number of updated asset objects reloaded before import = 0
Number of asset objects unloaded after import = 1
========================================================================
Received Import Request.
  Time since last request: 4.822328 seconds.
  path: Assets/Animations/Human/mixamo.com.anim
  artifactKey: Guid(207181ad5dd9ceb428eb470e9ce053c2) Importer(815301076,1909f56bfc062723c751e8b465ee728b)
Start importing Assets/Animations/Human/mixamo.com.anim using Guid(207181ad5dd9ceb428eb470e9ce053c2) Importer(815301076,1909f56bfc062723c751e8b465ee728b)  -> (artifact id: 'e7dd2db6190950eed694a712bac7f876') in 0.003299 seconds
Number of updated asset objects reloaded before import = 0
Number of asset objects unloaded after import = 1
========================================================================
Received Import Request.
  Time since last request: 9.063600 seconds.
  path: Assets/Animations/Human/left_turn_90.anim
  artifactKey: Guid(207181ad5dd9ceb428eb470e9ce053c2) Importer(815301076,1909f56bfc062723c751e8b465ee728b)
Start importing Assets/Animations/Human/left_turn_90.anim using Guid(207181ad5dd9ceb428eb470e9ce053c2) Importer(815301076,1909f56bfc062723c751e8b465ee728b)  -> (artifact id: '610275683652ac40cd43d30b3bcff77e') in 0.003263 seconds
Number of updated asset objects reloaded before import = 0
Number of asset objects unloaded after import = 1
========================================================================
Received Import Request.
  Time since last request: 5.169653 seconds.
  path: Assets/Animations/Human/mixamo.com.anim
  artifactKey: Guid(b5919df76fab48f4981c7ca37c16bcab) Importer(815301076,1909f56bfc062723c751e8b465ee728b)
Start importing Assets/Animations/Human/mixamo.com.anim using Guid(b5919df76fab48f4981c7ca37c16bcab) Importer(815301076,1909f56bfc062723c751e8b465ee728b)  -> (artifact id: '8372fc76674fc8851cd238c6b5cc6900') in 0.004663 seconds
Number of updated asset objects reloaded before import = 0
Number of asset objects unloaded after import = 1
========================================================================
Received Import Request.
  Time since last request: 7.008078 seconds.
  path: Assets/Animations/Human/right_turn.anim
  artifactKey: Guid(b5919df76fab48f4981c7ca37c16bcab) Importer(815301076,1909f56bfc062723c751e8b465ee728b)
Start importing Assets/Animations/Human/right_turn.anim using Guid(b5919df76fab48f4981c7ca37c16bcab) Importer(815301076,1909f56bfc062723c751e8b465ee728b)  -> (artifact id: '5083a7003c0774610ec78458558979f2') in 0.004735 seconds
Number of updated asset objects reloaded before import = 0
Number of asset objects unloaded after import = 1
========================================================================
Received Import Request.
  Time since last request: 5.718008 seconds.
  path: Assets/Animations/Human/right_strafe.anim
  artifactKey: Guid(b5919df76fab48f4981c7ca37c16bcab) Importer(815301076,1909f56bfc062723c751e8b465ee728b)
Start importing Assets/Animations/Human/right_strafe.anim using Guid(b5919df76fab48f4981c7ca37c16bcab) Importer(815301076,1909f56bfc062723c751e8b465ee728b)  -> (artifact id: '65d8cead0372be8719df7e2a6115ec54') in 0.005003 seconds
Number of updated asset objects reloaded before import = 0
Number of asset objects unloaded after import = 1
========================================================================
Received Import Request.
  Time since last request: 4.465534 seconds.
  path: Assets/Animations/Human/mixamo.com.anim
  artifactKey: Guid(0268e1b0fe0ca3a43a66a6e165d8be3b) Importer(815301076,1909f56bfc062723c751e8b465ee728b)
Start importing Assets/Animations/Human/mixamo.com.anim using Guid(0268e1b0fe0ca3a43a66a6e165d8be3b) Importer(815301076,1909f56bfc062723c751e8b465ee728b)  -> (artifact id: '53fa429fa5f642bdddb1c587fadf2acc') in 0.004213 seconds
Number of updated asset objects reloaded before import = 0
Number of asset objects unloaded after import = 1
========================================================================
Received Import Request.
  Time since last request: 9.186048 seconds.
  path: Assets/Animations/Human/right_strafe_walking.anim
  artifactKey: Guid(0268e1b0fe0ca3a43a66a6e165d8be3b) Importer(815301076,1909f56bfc062723c751e8b465ee728b)
Start importing Assets/Animations/Human/right_strafe_walking.anim using Guid(0268e1b0fe0ca3a43a66a6e165d8be3b) Importer(815301076,1909f56bfc062723c751e8b465ee728b)  -> (artifact id: 'b1182a3a43a60dc8baf055ace2555f7b') in 0.004523 seconds
Number of updated asset objects reloaded before import = 0
Number of asset objects unloaded after import = 1
========================================================================
Received Import Request.
  Time since last request: 3.861747 seconds.
  path: Assets/Animations/Human/mixamo.com.anim
  artifactKey: Guid(7401fd4c317b68c4187c8a7a850fa97b) Importer(815301076,1909f56bfc062723c751e8b465ee728b)
Start importing Assets/Animations/Human/mixamo.com.anim using Guid(7401fd4c317b68c4187c8a7a850fa97b) Importer(815301076,1909f56bfc062723c751e8b465ee728b)  -> (artifact id: '8327876caa2cdf5834d0c1da1604dc16') in 0.004307 seconds
Number of updated asset objects reloaded before import = 0
Number of asset objects unloaded after import = 1
========================================================================
Received Import Request.
  Time since last request: 4.495163 seconds.
  path: Assets/Animations/Human/right_turn.anim
  artifactKey: Guid(7401fd4c317b68c4187c8a7a850fa97b) Importer(815301076,1909f56bfc062723c751e8b465ee728b)
Start importing Assets/Animations/Human/right_turn.anim using Guid(7401fd4c317b68c4187c8a7a850fa97b) Importer(815301076,1909f56bfc062723c751e8b465ee728b)  -> (artifact id: '51367bed28b861692564ba9ea5ebb13e') in 0.003742 seconds
Number of updated asset objects reloaded before import = 0
Number of asset objects unloaded after import = 1
========================================================================
Received Import Request.
  Time since last request: 5.888560 seconds.
  path: Assets/Animations/Human/mixamo.com.anim
  artifactKey: Guid(8c036013980dda440a03c8cfde380e14) Importer(815301076,1909f56bfc062723c751e8b465ee728b)
Start importing Assets/Animations/Human/mixamo.com.anim using Guid(8c036013980dda440a03c8cfde380e14) Importer(815301076,1909f56bfc062723c751e8b465ee728b)  -> (artifact id: 'd1b17342eea7b60ce01d359adab03b71') in 0.003501 seconds
Number of updated asset objects reloaded before import = 0
Number of asset objects unloaded after import = 1
========================================================================
Received Import Request.
  Time since last request: 9.240146 seconds.
  path: Assets/Animations/Human/right_turn_90.anim
  artifactKey: Guid(8c036013980dda440a03c8cfde380e14) Importer(815301076,1909f56bfc062723c751e8b465ee728b)
Start importing Assets/Animations/Human/right_turn_90.anim using Guid(8c036013980dda440a03c8cfde380e14) Importer(815301076,1909f56bfc062723c751e8b465ee728b)  -> (artifact id: '02810bb5c9e66ff68aca59dbdc2f7fc5') in 0.003796 seconds
Number of updated asset objects reloaded before import = 0
Number of asset objects unloaded after import = 1
========================================================================
Received Import Request.
  Time since last request: 4.701079 seconds.
  path: Assets/Animations/Human/mixamo.com.anim
  artifactKey: Guid(f6ae52214ac557b4e9014b71a2889c27) Importer(815301076,1909f56bfc062723c751e8b465ee728b)
Start importing Assets/Animations/Human/mixamo.com.anim using Guid(f6ae52214ac557b4e9014b71a2889c27) Importer(815301076,1909f56bfc062723c751e8b465ee728b)  -> (artifact id: 'cc487f6a247c8afbddeee6ca9c81d02f') in 0.005872 seconds
Number of updated asset objects reloaded before import = 0
Number of asset objects unloaded after import = 1
========================================================================
Received Import Request.
  Time since last request: 7.298343 seconds.
  path: Assets/Animations/Human/running.anim
  artifactKey: Guid(f6ae52214ac557b4e9014b71a2889c27) Importer(815301076,1909f56bfc062723c751e8b465ee728b)
Start importing Assets/Animations/Human/running.anim using Guid(f6ae52214ac557b4e9014b71a2889c27) Importer(815301076,1909f56bfc062723c751e8b465ee728b)  -> (artifact id: 'c47a096972c13407425d3287bf79b37c') in 0.005630 seconds
Number of updated asset objects reloaded before import = 0
Number of asset objects unloaded after import = 1
========================================================================
Received Import Request.
  Time since last request: 5.747473 seconds.
  path: Assets/Animations/Human/mixamo.com.anim
  artifactKey: Guid(01870bbb66173d544a9e5fbfd9349c9c) Importer(815301076,1909f56bfc062723c751e8b465ee728b)
Start importing Assets/Animations/Human/mixamo.com.anim using Guid(01870bbb66173d544a9e5fbfd9349c9c) Importer(815301076,1909f56bfc062723c751e8b465ee728b)  -> (artifact id: 'cb7aba03fcab982f5470619acf6b7891') in 0.005327 seconds
Number of updated asset objects reloaded before import = 0
Number of asset objects unloaded after import = 1
========================================================================
Received Import Request.
  Time since last request: 5.194350 seconds.
  path: Assets/Animations/Human/walking.anim
  artifactKey: Guid(01870bbb66173d544a9e5fbfd9349c9c) Importer(815301076,1909f56bfc062723c751e8b465ee728b)
Start importing Assets/Animations/Human/walking.anim using Guid(01870bbb66173d544a9e5fbfd9349c9c) Importer(815301076,1909f56bfc062723c751e8b465ee728b)  -> (artifact id: 'b69c93e739ea338bbcc5a253677016b2') in 0.004180 seconds
Number of updated asset objects reloaded before import = 0
Number of asset objects unloaded after import = 1
========================================================================
Received Import Request.
  Time since last request: 1142.064329 seconds.
  path: Assets/Animations/Human/Player.controller
  artifactKey: Guid(96638c9dd50a84f4da31fa8979a2137e) Importer(815301076,1909f56bfc062723c751e8b465ee728b)
Start importing Assets/Animations/Human/Player.controller using Guid(96638c9dd50a84f4da31fa8979a2137e) Importer(815301076,1909f56bfc062723c751e8b465ee728b)  -> (artifact id: 'bb4c638acb5be40dfd10c3a1f260c956') in 0.002101 seconds
Number of updated asset objects reloaded before import = 0
Number of asset objects unloaded after import = 1
========================================================================
Received Import Request.
  Time since last request: 12.302453 seconds.
  path: Assets/Animations/Human/Controller_Player.controller
  artifactKey: Guid(96638c9dd50a84f4da31fa8979a2137e) Importer(815301076,1909f56bfc062723c751e8b465ee728b)
Start importing Assets/Animations/Human/Controller_Player.controller using Guid(96638c9dd50a84f4da31fa8979a2137e) Importer(815301076,1909f56bfc062723c751e8b465ee728b)  -> (artifact id: 'b3b6fc4465f4352a9a8a02c95b3accb7') in 0.000880 seconds
Number of updated asset objects reloaded before import = 0
Number of asset objects unloaded after import = 2
========================================================================
Received Import Request.
  Time since last request: 105.371601 seconds.
  path: Assets/Animations/Human/Controller_Player.controller
  artifactKey: Guid(96638c9dd50a84f4da31fa8979a2137e) Importer(815301076,1909f56bfc062723c751e8b465ee728b)
Start importing Assets/Animations/Human/Controller_Player.controller using Guid(96638c9dd50a84f4da31fa8979a2137e) Importer(815301076,1909f56bfc062723c751e8b465ee728b)  -> (artifact id: 'c793be4941ec64c0cc4ae67afaacb147') in 0.003320 seconds
Number of updated asset objects reloaded before import = 0
Number of asset objects unloaded after import = 4
========================================================================
Received Prepare
Begin MonoManager ReloadAssembly
- Loaded All Assemblies, in  0.559 seconds
Refreshing native plugins compatible for Editor in 1.23 ms, found 0 plugins.
Native extension for WindowsStandalone target not found
Mono: successfully reloaded assembly
- Finished resetting the current domain, in  0.874 seconds
Domain Reload Profiling: 1431ms
	BeginReloadAssembly (142ms)
		ExecutionOrderSort (0ms)
		DisableScriptedObjects (5ms)
		BackupInstance (0ms)
		ReleaseScriptingObjects (0ms)
		CreateAndSetChildDomain (37ms)
	RebuildCommonClasses (32ms)
	RebuildNativeTypeToScriptingClass (10ms)
	initialDomainReloadingComplete (30ms)
	LoadAllAssembliesAndSetupDomain (341ms)
		LoadAssemblies (210ms)
		RebuildTransferFunctionScriptingTraits (0ms)
		AnalyzeDomain (196ms)
			TypeCache.Refresh (187ms)
				TypeCache.ScanAssembly (173ms)
			ScanForSourceGeneratedMonoScriptInfo (0ms)
			ResolveRequiredComponents (9ms)
	FinalizeReload (875ms)
		ReleaseScriptCaches (0ms)
		RebuildScriptCaches (0ms)
		SetupLoadedEditorAssemblies (394ms)
			LogAssemblyErrors (0ms)
			InitializePlatformSupportModulesInManaged (8ms)
			SetLoadedEditorAssemblies (3ms)
			RefreshPlugins (0ms)
			BeforeProcessingInitializeOnLoad (82ms)
			ProcessInitializeOnLoadAttributes (225ms)
			ProcessInitializeOnLoadMethodAttributes (67ms)
			AfterProcessingInitializeOnLoad (9ms)
			EditorAssembliesLoaded (0ms)
		ExecutionOrderSort2 (0ms)
		AwakeInstancesAfterBackupRestoration (18ms)
Refreshing native plugins compatible for Editor in 1.26 ms, found 0 plugins.
Preloading 0 native plugins for Editor in 0.00 ms.
Unloading 3360 Unused Serialized files (Serialized files now loaded: 0)
Unloading 26 unused Assets / (383.7 KB). Loaded Objects now: 4017.
Memory consumption went from 142.2 MB to 141.8 MB.
Total: 3.614600 ms (FindLiveObjects: 0.450100 ms CreateObjectMapping: 0.449200 ms MarkObjects: 2.616900 ms  DeleteObjects: 0.097400 ms)

Prepare: number of updated asset objects reloaded= 0
AssetImportParameters requested are different than current active one (requested -> active):
  custom:container-demuxer-ogg: 62fdf1f143b41e24485cea50d1cbac27 -> 
  custom:video-codec-MediaFoundation-h265: e54d7ab0439102e2317fc1e4b246158d -> 
  custom:video-decoder-ogg-theora: a1e56fd34408186e4bbccfd4996cb3dc -> 
  custom:framework-win-MediaFoundation: 216162199b28c13a410421893ffa2e32 -> 
  custom:CustomObjectIndexerAttribute: a3ef5dd2817f97addfee359851a9dba5 -> 
  custom:container-demuxer-webm: 4f35f7cbe854078d1ac9338744f61a02 -> 
  custom:container-muxer-webm: aa71ff27fc2769a1b78a27578f13a17b -> 
  custom:video-decoder-webm-vp8: 9c59270c3fd7afecdb556c50c9e8de78 -> 
  custom:AudioImporter_EditorPlatform: d09bf68614088b80899f8185d706f6e7 -> 
  custom:video-encoder-webm-vp8: eb34c28f22e8b96e1ab97ce403110664 -> 
  custom:audio-decoder-ogg-vorbis: bf7c407c2cedff20999df2af8eb42d56 -> 
  custom:audio-encoder-webm-vorbis: bf7c407c2cedff20999df2af8eb42d56 -> 
